<?xml version="1.0" encoding="UTF-8"?>
<!-- Generated by org.testng.reporters.JUnitXMLReporter -->
<testsuite ignored="0" hostname="DESKTOP-P84MAU4" failures="1" tests="6" name="Test" time="63.57" errors="0" timestamp="02 Dec 2022 17:00:47 GMT">
  <testcase classname="com.acti.testcase.LoginPageTests" name="testActiImageIsDisplayed" time="0.052"/>
  <testcase classname="com.acti.testcase.LoginPageTests" name="testForgotPasswordIsDisplayed" time="0.038"/>
  <testcase classname="com.acti.testcase.LoginPageTests" name="testLoginFunction" time="2.185"/>
  <testcase classname="com.acti.testcase.LoginPageTests" name="testLoginPageTitle" time="0.007"/>
  <testcase classname="com.acti.testcase.TaskPageTest" name="testDeleteCustomer" time="10.045"/>
  <testcase classname="com.acti.testcase.TaskPageTest" name="testcreatCutomer" time="3.642">
    <failure type="java.lang.AssertionError" message="expected [true] but found [false]">
      <![CDATA[java.lang.AssertionError: expected [true] but found [false]
at com.acti.testcase.TaskPageTest.testcreatCutomer(TaskPageTest.java:23)
... Removed 29 stack frames]]>
    </failure>
  </testcase> <!-- testcreatCutomer -->
</testsuite> <!-- Test -->
