<?xml version="1.0" encoding="UTF-8"?>
<!-- Generated by org.testng.reporters.JUnitReportReporter -->
<testsuite hostname="DESKTOP-P84MAU4" failures="0" tests="5" name="com.acti.testcase.LoginPageTests" time="0.991" errors="1" timestamp="03 Dec 2022 22:06:44 GMT" skipped="4">
  <testcase classname="com.acti.testcase.LoginPageTests" name="testForgotPasswordIsDisplayed" time="0.000">
    <skipped/>
  </testcase> <!-- testForgotPasswordIsDisplayed -->
  <testcase classname="com.acti.testcase.LoginPageTests" name="testLoginFunction" time="0.000">
    <skipped/>
  </testcase> <!-- testLoginFunction -->
  <testcase classname="com.acti.testcase.LoginPageTests" name="testActiImageIsDisplayed" time="0.000">
    <skipped/>
  </testcase> <!-- testActiImageIsDisplayed -->
  <testcase classname="com.acti.testcase.LoginPageTests" name="testLoginPageTitle" time="0.000">
    <skipped/>
  </testcase> <!-- testLoginPageTitle -->
  <testcase classname="com.acti.testcase.LoginPageTests" name="setUp" time="0.991">
    <error message="session not created: This version of ChromeDriver only supports Chrome version 106
Current browser version is 108.0.5359.73 with binary path C:\Program Files\Google\Chrome\Application\chrome.exe
Build info: version: &#039;3.141.59&#039;, revision: &#039;e82be7d358&#039;, time: &#039;2018-11-14T08:17:03&#039;
System info: host: &#039;DESKTOP-P84MAU4&#039;, ip: &#039;192.168.174.1&#039;, os.name: &#039;Windows 10&#039;, os.arch: &#039;amd64&#039;, os.version: &#039;10.0&#039;, java.version: &#039;17.0.4.1&#039;
Driver info: driver.version: ChromeDriver
remote stacktrace: Backtrace:
	Ordinal0 [0x00301ED3+2236115]
	Ordinal0 [0x002992F1+1807089]
	Ordinal0 [0x001A66FD+812797]
	Ordinal0 [0x001C8C6D+953453]
	Ordinal0 [0x001C4200+934400]
	Ordinal0 [0x001C19C9+924105]
	Ordinal0 [0x001F806C+1146988]
	Ordinal0 [0x001F7A6A+1145450]
	Ordinal0 [0x001F18A6+1120422]
	Ordinal0 [0x001CA73D+960317]
	Ordinal0 [0x001CB71F+964383]
	GetHandleVerifier [0x005AE7E2+2743074]
	GetHandleVerifier [0x005A08D4+2685972]
	GetHandleVerifier [0x00392BAA+532202]
	GetHandleVerifier [0x00391990+527568]
	Ordinal0 [0x002A080C+1837068]
	Ordinal0 [0x002A4CD8+1854680]
	Ordinal0 [0x002A4DC5+1854917]
	Ordinal0 [0x002AED64+1895780]
	BaseThreadInitThunk [0x76E1FEF9+25]
	RtlGetAppContainerNamedObjectPath [0x77027BBE+286]
	RtlGetAppContainerNamedObjectPath [0x77027B8E+238]
	(No symbol) [0x00000000]
" type="org.openqa.selenium.SessionNotCreatedException">
      <![CDATA[org.openqa.selenium.SessionNotCreatedException: session not created: This version of ChromeDriver only supports Chrome version 106
Current browser version is 108.0.5359.73 with binary path C:\Program Files\Google\Chrome\Application\chrome.exe
Build info: version: '3.141.59', revision: 'e82be7d358', time: '2018-11-14T08:17:03'
System info: host: 'DESKTOP-P84MAU4', ip: '192.168.174.1', os.name: 'Windows 10', os.arch: 'amd64', os.version: '10.0', java.version: '17.0.4.1'
Driver info: driver.version: ChromeDriver
remote stacktrace: Backtrace:
Ordinal0 [0x00301ED3+2236115]
Ordinal0 [0x002992F1+1807089]
Ordinal0 [0x001A66FD+812797]
Ordinal0 [0x001C8C6D+953453]
Ordinal0 [0x001C4200+934400]
Ordinal0 [0x001C19C9+924105]
Ordinal0 [0x001F806C+1146988]
Ordinal0 [0x001F7A6A+1145450]
Ordinal0 [0x001F18A6+1120422]
Ordinal0 [0x001CA73D+960317]
Ordinal0 [0x001CB71F+964383]
GetHandleVerifier [0x005AE7E2+2743074]
GetHandleVerifier [0x005A08D4+2685972]
GetHandleVerifier [0x00392BAA+532202]
GetHandleVerifier [0x00391990+527568]
Ordinal0 [0x002A080C+1837068]
Ordinal0 [0x002A4CD8+1854680]
Ordinal0 [0x002A4DC5+1854917]
Ordinal0 [0x002AED64+1895780]
BaseThreadInitThunk [0x76E1FEF9+25]
RtlGetAppContainerNamedObjectPath [0x77027BBE+286]
RtlGetAppContainerNamedObjectPath [0x77027B8E+238]
(No symbol) [0x00000000]

at java.base/jdk.internal.reflect.NativeConstructorAccessorImpl.newInstance0(Native Method)
at java.base/jdk.internal.reflect.NativeConstructorAccessorImpl.newInstance(NativeConstructorAccessorImpl.java:77)
at java.base/jdk.internal.reflect.DelegatingConstructorAccessorImpl.newInstance(DelegatingConstructorAccessorImpl.java:45)
at java.base/java.lang.reflect.Constructor.newInstanceWithCaller(Constructor.java:499)
at java.base/java.lang.reflect.Constructor.newInstance(Constructor.java:480)
at org.openqa.selenium.remote.W3CHandshakeResponse.lambda$errorHandler$0(W3CHandshakeResponse.java:62)
at org.openqa.selenium.remote.HandshakeResponse.lambda$getResponseFunction$0(HandshakeResponse.java:30)
at org.openqa.selenium.remote.ProtocolHandshake.lambda$createSession$0(ProtocolHandshake.java:126)
at java.base/java.util.stream.ReferencePipeline$3$1.accept(ReferencePipeline.java:197)
at java.base/java.util.Spliterators$ArraySpliterator.tryAdvance(Spliterators.java:1002)
at java.base/java.util.stream.ReferencePipeline.forEachWithCancel(ReferencePipeline.java:129)
at java.base/java.util.stream.AbstractPipeline.copyIntoWithCancel(AbstractPipeline.java:527)
at java.base/java.util.stream.AbstractPipeline.copyInto(AbstractPipeline.java:513)
at java.base/java.util.stream.AbstractPipeline.wrapAndCopyInto(AbstractPipeline.java:499)
at java.base/java.util.stream.FindOps$FindOp.evaluateSequential(FindOps.java:150)
at java.base/java.util.stream.AbstractPipeline.evaluate(AbstractPipeline.java:234)
at java.base/java.util.stream.ReferencePipeline.findFirst(ReferencePipeline.java:647)
at org.openqa.selenium.remote.ProtocolHandshake.createSession(ProtocolHandshake.java:128)
at org.openqa.selenium.remote.ProtocolHandshake.createSession(ProtocolHandshake.java:74)
at org.openqa.selenium.remote.HttpCommandExecutor.execute(HttpCommandExecutor.java:136)
at org.openqa.selenium.remote.service.DriverCommandExecutor.execute(DriverCommandExecutor.java:83)
at org.openqa.selenium.remote.RemoteWebDriver.execute(RemoteWebDriver.java:552)
at org.openqa.selenium.remote.RemoteWebDriver.startSession(RemoteWebDriver.java:213)
at org.openqa.selenium.remote.RemoteWebDriver.<init>(RemoteWebDriver.java:131)
at org.openqa.selenium.chrome.ChromeDriver.<init>(ChromeDriver.java:181)
at org.openqa.selenium.chrome.ChromeDriver.<init>(ChromeDriver.java:168)
at org.openqa.selenium.chrome.ChromeDriver.<init>(ChromeDriver.java:123)
at com.acti.base.DriverScript.initApplication(DriverScript.java:50)
at com.acti.testcase.BaseTest.setUp(BaseTest.java:38)
at java.base/jdk.internal.reflect.NativeMethodAccessorImpl.invoke0(Native Method)
at java.base/jdk.internal.reflect.NativeMethodAccessorImpl.invoke(NativeMethodAccessorImpl.java:77)
at java.base/jdk.internal.reflect.DelegatingMethodAccessorImpl.invoke(DelegatingMethodAccessorImpl.java:43)
at java.base/java.lang.reflect.Method.invoke(Method.java:568)
at org.testng.internal.MethodInvocationHelper.invokeMethod(MethodInvocationHelper.java:124)
at org.testng.internal.MethodInvocationHelper.invokeMethodConsideringTimeout(MethodInvocationHelper.java:59)
at org.testng.internal.Invoker.invokeConfigurationMethod(Invoker.java:458)
at org.testng.internal.Invoker.invokeConfigurations(Invoker.java:222)
at org.testng.internal.Invoker.invokeMethod(Invoker.java:523)
at org.testng.internal.Invoker.invokeTestMethod(Invoker.java:719)
at org.testng.internal.Invoker.invokeTestMethods(Invoker.java:989)
at org.testng.internal.TestMethodWorker.invokeTestMethods(TestMethodWorker.java:125)
at org.testng.internal.TestMethodWorker.run(TestMethodWorker.java:109)
at org.testng.TestRunner.privateRun(TestRunner.java:648)
at org.testng.TestRunner.run(TestRunner.java:505)
at org.testng.SuiteRunner.runTest(SuiteRunner.java:455)
at org.testng.SuiteRunner.runSequentially(SuiteRunner.java:450)
at org.testng.SuiteRunner.privateRun(SuiteRunner.java:415)
at org.testng.SuiteRunner.run(SuiteRunner.java:364)
at org.testng.SuiteRunnerWorker.runSuite(SuiteRunnerWorker.java:52)
at org.testng.SuiteRunnerWorker.run(SuiteRunnerWorker.java:84)
at org.testng.TestNG.runSuitesSequentially(TestNG.java:1208)
at org.testng.TestNG.runSuitesLocally(TestNG.java:1137)
at org.testng.TestNG.runSuites(TestNG.java:1049)
at org.testng.TestNG.run(TestNG.java:1017)
at org.testng.remote.AbstractRemoteTestNG.run(AbstractRemoteTestNG.java:115)
at org.testng.remote.RemoteTestNG.initAndRun(RemoteTestNG.java:251)
at org.testng.remote.RemoteTestNG.main(RemoteTestNG.java:77)
]]>
    </error>
  </testcase> <!-- setUp -->
</testsuite> <!-- com.acti.testcase.LoginPageTests -->
